This is pdfTeX, Version 3.14159265-2.6-1.40.20 (MiKTeX 2.9.7000 64-bit) (preloaded format=pdflatex 2019.3.24)  1 MAY 2019 21:45
entering extended mode
**./JarcSimon_BachelorThesis.tex
(JarcSimon_BachelorThesis.tex
LaTeX2e <2018-12-01>
("C:\Program Files\MiKTeX 2.9\tex/latex/base\report.cls"
Document Class: report 2018/09/03 v1.4i Standard LaTeX document class
("C:\Program Files\MiKTeX 2.9\tex/latex/base\size12.clo"
File: size12.clo 2018/09/03 v1.4i Standard LaTeX file (size option)
)
\c@part=\count80
\c@chapter=\count81
\c@section=\count82
\c@subsection=\count83
\c@subsubsection=\count84
\c@paragraph=\count85
\c@subparagraph=\count86
\c@figure=\count87
\c@table=\count88
\abovecaptionskip=\skip41
\belowcaptionskip=\skip42
\bibindent=\dimen102
)
("C:\Program Files\MiKTeX 2.9\tex/latex/psfrag\psfrag.sty"
Package: psfrag 1998/04/11 v3.04 PSfrag (MCG)

("C:\Program Files\MiKTeX 2.9\tex/latex/graphics\graphics.sty"
Package: graphics 2017/06/25 v1.2c Standard LaTeX Graphics (DPC,SPQR)

("C:\Program Files\MiKTeX 2.9\tex/latex/graphics\trig.sty"
Package: trig 2016/01/03 v1.10 sin cos tan (DPC)
)
("C:\Program Files\MiKTeX 2.9\tex/latex/graphics-cfg\graphics.cfg"
File: graphics.cfg 2016/06/04 v1.11 sample graphics configuration
)
Package graphics Info: Driver file: pdftex.def on input line 99.

("C:\Program Files\MiKTeX 2.9\tex/latex/graphics-def\pdftex.def"
File: pdftex.def 2018/01/08 v1.0l Graphics/color driver for pdftex
))
\pfg@pcount=\count89
\pfg@scount=\count90
\pfg@temp=\write3
)
("C:\Program Files\MiKTeX 2.9\tex/latex/amsmath\amsbsy.sty"
Package: amsbsy 1999/11/29 v1.2d Bold Symbols

("C:\Program Files\MiKTeX 2.9\tex/latex/amsmath\amsgen.sty"
File: amsgen.sty 1999/11/30 v2.0 generic functions
\@emptytoks=\toks14
\ex@=\dimen103
)
\pmbraise@=\dimen104
)
("C:\Program Files\MiKTeX 2.9\tex/latex/float\float.sty"
Package: float 2001/11/08 v1.3d Float enhancements (AL)
\c@float@type=\count91
\float@exts=\toks15
\float@box=\box27
\@float@everytoks=\toks16
\@floatcapt=\box28
)
("C:\Program Files\MiKTeX 2.9\tex/latex/graphics\graphicx.sty"
Package: graphicx 2017/06/01 v1.1a Enhanced LaTeX Graphics (DPC,SPQR)

("C:\Program Files\MiKTeX 2.9\tex/latex/graphics\keyval.sty"
Package: keyval 2014/10/28 v1.15 key=value parser (DPC)
\KV@toks@=\toks17
)
\Gin@req@height=\dimen105
\Gin@req@width=\dimen106
)
("C:\Program Files\MiKTeX 2.9\tex/latex/graphics\color.sty"
Package: color 2016/07/10 v1.1e Standard LaTeX Color (DPC)

("C:\Program Files\MiKTeX 2.9\tex/latex/graphics-cfg\color.cfg"
File: color.cfg 2016/01/02 v1.6 sample color configuration
)
Package color Info: Driver file: pdftex.def on input line 147.
)
("C:\Program Files\MiKTeX 2.9\tex/latex/base\inputenc.sty"
Package: inputenc 2018/08/11 v1.3c Input encoding file
\inpenc@prehook=\toks18
\inpenc@posthook=\toks19

("C:\Program Files\MiKTeX 2.9\tex/latex/base\latin1.def"
File: latin1.def 2018/08/11 v1.3c Input encoding file
))
("C:\Program Files\MiKTeX 2.9\tex/latex/tools\verbatim.sty"
Package: verbatim 2014/10/28 v1.5q LaTeX2e package for verbatim enhancements
\every@verbatim=\toks20
\verbatim@line=\toks21
\verbatim@in@stream=\read1
)
("C:\Program Files\MiKTeX 2.9\tex/latex/amsmath\amsmath.sty"
Package: amsmath 2018/12/01 v2.17b AMS math features
\@mathmargin=\skip43

For additional information on amsmath, use the `?' option.
("C:\Program Files\MiKTeX 2.9\tex/latex/amsmath\amstext.sty"
Package: amstext 2000/06/29 v2.01 AMS text
)
("C:\Program Files\MiKTeX 2.9\tex/latex/amsmath\amsopn.sty"
Package: amsopn 2016/03/08 v2.02 operator names
)
\inf@bad=\count92
LaTeX Info: Redefining \frac on input line 223.
\uproot@=\count93
\leftroot@=\count94
LaTeX Info: Redefining \overline on input line 385.
\classnum@=\count95
\DOTSCASE@=\count96
LaTeX Info: Redefining \ldots on input line 482.
LaTeX Info: Redefining \dots on input line 485.
LaTeX Info: Redefining \cdots on input line 606.
\Mathstrutbox@=\box29
\strutbox@=\box30
\big@size=\dimen107
LaTeX Font Info:    Redeclaring font encoding OML on input line 729.
LaTeX Font Info:    Redeclaring font encoding OMS on input line 730.
\macc@depth=\count97
\c@MaxMatrixCols=\count98
\dotsspace@=\muskip10
\c@parentequation=\count99
\dspbrk@lvl=\count100
\tag@help=\toks22
\row@=\count101
\column@=\count102
\maxfields@=\count103
\andhelp@=\toks23
\eqnshift@=\dimen108
\alignsep@=\dimen109
\tagshift@=\dimen110
\tagwidth@=\dimen111
\totwidth@=\dimen112
\lineht@=\dimen113
\@envbody=\toks24
\multlinegap=\skip44
\multlinetaggap=\skip45
\mathdisplay@stack=\toks25
LaTeX Info: Redefining \[ on input line 2844.
LaTeX Info: Redefining \] on input line 2845.
)
("C:\Program Files\MiKTeX 2.9\tex/latex/fancyhdr\fancyhdr.sty"
Package: fancyhdr 2019/01/31 v3.10 Extensive control of page headers and footer
s
\f@nch@headwidth=\skip46
\f@nch@O@elh=\skip47
\f@nch@O@erh=\skip48
\f@nch@O@olh=\skip49
\f@nch@O@orh=\skip50
\f@nch@O@elf=\skip51
\f@nch@O@erf=\skip52
\f@nch@O@olf=\skip53
\f@nch@O@orf=\skip54
)
("C:\Program Files\MiKTeX 2.9\tex/latex/hyperref\hyperref.sty"
Package: hyperref 2018/11/30 v6.88e Hypertext links for LaTeX

("C:\Program Files\MiKTeX 2.9\tex/generic/oberdiek\hobsub-hyperref.sty"
Package: hobsub-hyperref 2016/05/16 v1.14 Bundle oberdiek, subset hyperref (HO)


("C:\Program Files\MiKTeX 2.9\tex/generic/oberdiek\hobsub-generic.sty"
Package: hobsub-generic 2016/05/16 v1.14 Bundle oberdiek, subset generic (HO)
Package: hobsub 2016/05/16 v1.14 Construct package bundles (HO)
Package: infwarerr 2016/05/16 v1.4 Providing info/warning/error messages (HO)
Package: ltxcmds 2016/05/16 v1.23 LaTeX kernel commands for general use (HO)
Package: ifluatex 2016/05/16 v1.4 Provides the ifluatex switch (HO)
Package ifluatex Info: LuaTeX not detected.
Package: ifvtex 2016/05/16 v1.6 Detect VTeX and its facilities (HO)
Package ifvtex Info: VTeX not detected.
Package: intcalc 2016/05/16 v1.2 Expandable calculations with integers (HO)
Package: ifpdf 2018/09/07 v3.3 Provides the ifpdf switch
Package: etexcmds 2016/05/16 v1.6 Avoid name clashes with e-TeX commands (HO)
Package: kvsetkeys 2016/05/16 v1.17 Key value parser (HO)
Package: kvdefinekeys 2016/05/16 v1.4 Define keys (HO)
Package: pdftexcmds 2018/09/10 v0.29 Utility functions of pdfTeX for LuaTeX (HO
)
Package pdftexcmds Info: LuaTeX not detected.
Package pdftexcmds Info: \pdf@primitive is available.
Package pdftexcmds Info: \pdf@ifprimitive is available.
Package pdftexcmds Info: \pdfdraftmode found.
Package: pdfescape 2016/05/16 v1.14 Implements pdfTeX's escape features (HO)
Package: bigintcalc 2016/05/16 v1.4 Expandable calculations on big integers (HO
)
Package: bitset 2016/05/16 v1.2 Handle bit-vector datatype (HO)
Package: uniquecounter 2016/05/16 v1.3 Provide unlimited unique counter (HO)
)
Package hobsub Info: Skipping package `hobsub' (already loaded).
Package: letltxmacro 2016/05/16 v1.5 Let assignment for LaTeX macros (HO)
Package: hopatch 2016/05/16 v1.3 Wrapper for package hooks (HO)
Package: xcolor-patch 2016/05/16 xcolor patch
Package: atveryend 2016/05/16 v1.9 Hooks at the very end of document (HO)
Package atveryend Info: \enddocument detected (standard20110627).
Package: atbegshi 2016/06/09 v1.18 At begin shipout hook (HO)
Package: refcount 2016/05/16 v3.5 Data extraction from label references (HO)
Package: hycolor 2016/05/16 v1.8 Color options for hyperref/bookmark (HO)
)
("C:\Program Files\MiKTeX 2.9\tex/generic/ifxetex\ifxetex.sty"
Package: ifxetex 2010/09/12 v0.6 Provides ifxetex conditional
)
("C:\Program Files\MiKTeX 2.9\tex/latex/oberdiek\auxhook.sty"
Package: auxhook 2016/05/16 v1.4 Hooks for auxiliary files (HO)
)
("C:\Program Files\MiKTeX 2.9\tex/latex/oberdiek\kvoptions.sty"
Package: kvoptions 2016/05/16 v3.12 Key value format for package options (HO)
)
\@linkdim=\dimen114
\Hy@linkcounter=\count104
\Hy@pagecounter=\count105

("C:\Program Files\MiKTeX 2.9\tex/latex/hyperref\pd1enc.def"
File: pd1enc.def 2018/11/30 v6.88e Hyperref: PDFDocEncoding definition (HO)
Now handling font encoding PD1 ...
... no UTF-8 mapping file for font encoding PD1
)
\Hy@SavedSpaceFactor=\count106

("C:\Program Files\MiKTeX 2.9\tex/latex/00miktex\hyperref.cfg"
File: hyperref.cfg 2002/06/06 v1.2 hyperref configuration of TeXLive
)
Package hyperref Info: Hyper figures OFF on input line 4519.
Package hyperref Info: Link nesting OFF on input line 4524.
Package hyperref Info: Hyper index ON on input line 4527.
Package hyperref Info: Plain pages OFF on input line 4534.
Package hyperref Info: Backreferencing OFF on input line 4539.
Package hyperref Info: Implicit mode ON; LaTeX internals redefined.
Package hyperref Info: Bookmarks ON on input line 4772.
\c@Hy@tempcnt=\count107

("C:\Program Files\MiKTeX 2.9\tex/latex/url\url.sty"
\Urlmuskip=\muskip11
Package: url 2013/09/16  ver 3.4  Verb mode for urls, etc.
)
LaTeX Info: Redefining \url on input line 5125.
\XeTeXLinkMargin=\dimen115
\Fld@menulength=\count108
\Field@Width=\dimen116
\Fld@charsize=\dimen117
Package hyperref Info: Hyper figures OFF on input line 6380.
Package hyperref Info: Link nesting OFF on input line 6385.
Package hyperref Info: Hyper index ON on input line 6388.
Package hyperref Info: backreferencing OFF on input line 6395.
Package hyperref Info: Link coloring OFF on input line 6400.
Package hyperref Info: Link coloring with OCG OFF on input line 6405.
Package hyperref Info: PDF/A mode OFF on input line 6410.
LaTeX Info: Redefining \ref on input line 6450.
LaTeX Info: Redefining \pageref on input line 6454.
\Hy@abspage=\count109
\c@Item=\count110
\c@Hfootnote=\count111
)
Package hyperref Info: Driver (autodetected): hpdftex.

("C:\Program Files\MiKTeX 2.9\tex/latex/hyperref\hpdftex.def"
File: hpdftex.def 2018/11/30 v6.88e Hyperref driver for pdfTeX
\Fld@listcount=\count112
\c@bookmark@seq@number=\count113

("C:\Program Files\MiKTeX 2.9\tex/latex/oberdiek\rerunfilecheck.sty"
Package: rerunfilecheck 2016/05/16 v1.8 Rerun checks for auxiliary files (HO)
Package uniquecounter Info: New unique counter `rerunfilecheck' on input line 2
82.
)
\Hy@SectionHShift=\skip55
)
(JarcSimon_BachelorThesis.aux)
\openout1 = `JarcSimon_BachelorThesis.aux'.

LaTeX Font Info:    Checking defaults for OML/cmm/m/it on input line 45.
LaTeX Font Info:    ... okay on input line 45.
LaTeX Font Info:    Checking defaults for T1/cmr/m/n on input line 45.
LaTeX Font Info:    ... okay on input line 45.
LaTeX Font Info:    Checking defaults for OT1/cmr/m/n on input line 45.
LaTeX Font Info:    ... okay on input line 45.
LaTeX Font Info:    Checking defaults for OMS/cmsy/m/n on input line 45.
LaTeX Font Info:    ... okay on input line 45.
LaTeX Font Info:    Checking defaults for OMX/cmex/m/n on input line 45.
LaTeX Font Info:    ... okay on input line 45.
LaTeX Font Info:    Checking defaults for U/cmr/m/n on input line 45.
LaTeX Font Info:    ... okay on input line 45.
LaTeX Font Info:    Checking defaults for PD1/pdf/m/n on input line 45.
LaTeX Font Info:    ... okay on input line 45.

("C:\Program Files\MiKTeX 2.9\tex/context/base/mkii\supp-pdf.mkii"
[Loading MPS to PDF converter (version 2006.09.02).]
\scratchcounter=\count114
\scratchdimen=\dimen118
\scratchbox=\box31
\nofMPsegments=\count115
\nofMParguments=\count116
\everyMPshowfont=\toks26
\MPscratchCnt=\count117
\MPscratchDim=\dimen119
\MPnumerator=\count118
\makeMPintoPDFobject=\count119
\everyMPtoPDFconversion=\toks27
) ("C:\Program Files\MiKTeX 2.9\tex/latex/oberdiek\epstopdf-base.sty"
Package: epstopdf-base 2016/05/15 v2.6 Base part for package epstopdf

("C:\Program Files\MiKTeX 2.9\tex/latex/oberdiek\grfext.sty"
Package: grfext 2016/05/16 v1.2 Manage graphics extensions (HO)
)
Package epstopdf-base Info: Redefining graphics rule for `.eps' on input line 4
38.
Package grfext Info: Graphics extension search list:
(grfext)             [.pdf,.png,.jpg,.mps,.jpeg,.jbig2,.jb2,.PDF,.PNG,.JPG,.JPE
G,.JBIG2,.JB2,.eps]
(grfext)             \AppendGraphicsExtensions on input line 456.
)
\AtBeginShipoutBox=\box32
Package hyperref Info: Link coloring OFF on input line 45.

("C:\Program Files\MiKTeX 2.9\tex/latex/hyperref\nameref.sty"
Package: nameref 2016/05/21 v2.44 Cross-referencing by name of section

("C:\Program Files\MiKTeX 2.9\tex/generic/oberdiek\gettitlestring.sty"
Package: gettitlestring 2016/05/16 v1.5 Cleanup title references (HO)
)
\c@section@level=\count120
)
LaTeX Info: Redefining \ref on input line 45.
LaTeX Info: Redefining \pageref on input line 45.
LaTeX Info: Redefining \nameref on input line 45.

(JarcSimon_BachelorThesis.out) (JarcSimon_BachelorThesis.out)
\@outlinefile=\write4
\openout4 = `JarcSimon_BachelorThesis.out'.

 [1
Non-PDF special ignored!
<special> header=psfrag.pro

{C:/ProgramData/MiKTeX/2.9/pdftex/config/pdftex.map}]pdfTeX warning (ext4): des
tination with the same identifier (name{page.1}) has been already used, duplica
te ignored
<to be read again> 
                   \relax 
l.101 \begin{abstract}
                       [1]pdfTeX warning (ext4): destination with the same iden
tifier (name{page.1}) has been already used, duplicate ignored
<to be read again> 
                   \relax 
l.103 \end{abstract}
                     [1]
LaTeX Font Info:    Try loading font information for OT1+phv on input line 125.


("C:\Program Files\MiKTeX 2.9\tex/latex/psnfss\ot1phv.fd"
File: ot1phv.fd 2001/06/04 scalable font definitions for OT1/phv.
)

LaTeX Font Warning: Font shape `OT1/phv/a/n' undefined
(Font)              using `OT1/phv/m/n' instead on input line 125.


Package Fancyhdr Warning: \headheight is too small (12.0pt): 
Make it at least 14.49998pt.
We now make it that large for the rest of the document.
This may cause the page layout to be inconsistent, however.

[2] (JarcSimon_BachelorThesis.toc)
\tf@toc=\write5
\openout5 = `JarcSimon_BachelorThesis.toc'.

 [3

] [4

]
Chapter 1.
[5] [6

]
Chapter 2.
<_Figures/Figure01-LFSR_Schematic.jpg, id=135, 352.1958pt x 135.6267pt>
File: _Figures/Figure01-LFSR_Schematic.jpg Graphic file (type jpg)
<use _Figures/Figure01-LFSR_Schematic.jpg>
Package pdftex.def Info: _Figures/Figure01-LFSR_Schematic.jpg  used on input li
ne 149.
(pdftex.def)             Requested size: 426.79134pt x 164.35507pt.
[7 <./_Figures/Figure01-LFSR_Schematic.jpg>] [8]
<_Figures/Figure02-Communication_Link.jpg, id=170, 478.9092pt x 239.6955pt>
File: _Figures/Figure02-Communication_Link.jpg Graphic file (type jpg)
<use _Figures/Figure02-Communication_Link.jpg>
Package pdftex.def Info: _Figures/Figure02-Communication_Link.jpg  used on inpu
t line 197.
(pdftex.def)             Requested size: 426.79134pt x 213.60992pt.
LaTeX Font Info:    Try loading font information for OMS+cmr on input line 204.


("C:\Program Files\MiKTeX 2.9\tex/latex/base\omscmr.fd"
File: omscmr.fd 2014/09/29 v2.5h Standard LaTeX font definitions
)
LaTeX Font Info:    Font shape `OMS/cmr/m/n' in size <12> not available
(Font)              Font shape `OMS/cmsy/m/n' tried instead on input line 204.
<_Figures/Figure03-TS4231_Simplified_Circuit_Diagram.png, id=175, 318.69063pt x
 186.19562pt>
File: _Figures/Figure03-TS4231_Simplified_Circuit_Diagram.png Graphic file (typ
e png)
<use _Figures/Figure03-TS4231_Simplified_Circuit_Diagram.png>
Package pdftex.def Info: _Figures/Figure03-TS4231_Simplified_Circuit_Diagram.pn
g  used on input line 215.
(pdftex.def)             Requested size: 426.79134pt x 249.35309pt.


LaTeX Warning: `h' float specifier changed to `ht'.

[9 <./_Figures/Figure02-Communication_Link.jpg>] [10 <./_Figures/Figure03-TS423
1_Simplified_Circuit_Diagram.png>]
Chapter 3.
[11

]
Underfull \hbox (badness 10000) in paragraph at lines 243--244

 []

[12]
Chapter 4.
<_Figures/Figure04_1-Internal_Lighthouse.jpg, id=230, 1014.25783pt x 673.96938p
t>
File: _Figures/Figure04_1-Internal_Lighthouse.jpg Graphic file (type jpg)
<use _Figures/Figure04_1-Internal_Lighthouse.jpg>
Package pdftex.def Info: _Figures/Figure04_1-Internal_Lighthouse.jpg  used on i
nput line 264.
(pdftex.def)             Requested size: 426.79134pt x 283.59998pt.

LaTeX Warning: `h' float specifier changed to `ht'.

<_Figures/Figure04_2_Test_Arrangement.jpg, id=236, 4143.48pt x 2330.7075pt>
File: _Figures/Figure04_2_Test_Arrangement.jpg Graphic file (type jpg)
<use _Figures/Figure04_2_Test_Arrangement.jpg>
Package pdftex.def Info: _Figures/Figure04_2_Test_Arrangement.jpg  used on inpu
t line 274.
(pdftex.def)             Requested size: 426.79134pt x 240.05489pt.
[13

]
<_Figures/Figure04_3-Lighthouse10L.jpg, id=245, 803.0pt x 481.8pt>
File: _Figures/Figure04_3-Lighthouse10L.jpg Graphic file (type jpg)
<use _Figures/Figure04_3-Lighthouse10L.jpg>
Package pdftex.def Info: _Figures/Figure04_3-Lighthouse10L.jpg  used on input l
ine 291.
(pdftex.def)             Requested size: 426.79134pt x 256.0806pt.


LaTeX Warning: `h' float specifier changed to `ht'.

[14 <./_Figures/Figure04_1-Internal_Lighthouse.jpg>] [15 <./_Figures/Figure04_2
_Test_Arrangement.jpg>]
<_Figures/Figure04_4-streaming_procedure.jpg, id=265, 208.52907pt x 460.72125pt
>
File: _Figures/Figure04_4-streaming_procedure.jpg Graphic file (type jpg)
<use _Figures/Figure04_4-streaming_procedure.jpg>
Package pdftex.def Info: _Figures/Figure04_4-streaming_procedure.jpg  used on i
nput line 306.
(pdftex.def)             Requested size: 193.16954pt x 426.79134pt.


LaTeX Warning: `h' float specifier changed to `ht'.

[16 <./_Figures/Figure04_3-Lighthouse10L.jpg>] [17] [18] [19 <./_Figures/Figure
04_4-streaming_procedure.jpg>] [20

]
Chapter 5.
<_Figures/Figure05_1-plotLighthouse11.jpg, id=298, 1852.9225pt x 1006.76125pt>
File: _Figures/Figure05_1-plotLighthouse11.jpg Graphic file (type jpg)
<use _Figures/Figure05_1-plotLighthouse11.jpg>
Package pdftex.def Info: _Figures/Figure05_1-plotLighthouse11.jpg  used on inpu
t line 333.
(pdftex.def)             Requested size: 426.79134pt x 231.88817pt.
<_Figures/Figure05_2-plotLighthouse11L.jpg, id=299, 1852.9225pt x 1006.76125pt>

File: _Figures/Figure05_2-plotLighthouse11L.jpg Graphic file (type jpg)
<use _Figures/Figure05_2-plotLighthouse11L.jpg>
Package pdftex.def Info: _Figures/Figure05_2-plotLighthouse11L.jpg  used on inp
ut line 341.
(pdftex.def)             Requested size: 426.79134pt x 231.88817pt.

LaTeX Warning: `h' float specifier changed to `ht'.

<_Figures/Figure05_3-plotLighthouse21.jpg, id=300, 1852.9225pt x 1006.76125pt>
File: _Figures/Figure05_3-plotLighthouse21.jpg Graphic file (type jpg)
<use _Figures/Figure05_3-plotLighthouse21.jpg>
Package pdftex.def Info: _Figures/Figure05_3-plotLighthouse21.jpg  used on inpu
t line 349.
(pdftex.def)             Requested size: 426.79134pt x 231.88817pt.

LaTeX Warning: `h' float specifier changed to `ht'.

<_Figures/Figure05_4-Screenshot.png, id=307, 1774.37906pt x 812.28468pt>
File: _Figures/Figure05_4-Screenshot.png Graphic file (type png)
<use _Figures/Figure05_4-Screenshot.png>
Package pdftex.def Info: _Figures/Figure05_4-Screenshot.png  used on input line
 360.
(pdftex.def)             Requested size: 426.79134pt x 195.37372pt.
[21 <./_Figures/Figure05_1-plotLighthouse11.jpg>]

LaTeX Warning: `h' float specifier changed to `ht'.

[22 <./_Figures/Figure05_2-plotLighthouse11L.jpg>] [23 <./_Figures/Figure05_3-p
lotLighthouse21.jpg> <./_Figures/Figure05_4-Screenshot.png>] [24

]
Chapter 6.
[25] [26

]
Chapter 7.

Underfull \hbox (badness 10000) in paragraph at lines 383--386

 []

[27] [28

] (JarcSimon_BachelorThesis.lof)
\tf@lof=\write6
\openout6 = `JarcSimon_BachelorThesis.lof'.

 [29

] [30

]
(JarcSimon_BachelorThesis.bbl
Underfull \hbox (badness 10000) in paragraph at lines 8--11
[]$\OT1/cmtt/m/n/12 https : / / community . viveport . com / t5 / General-[]Viv
e-[]Discussion /
 []


Underfull \hbox (badness 10000) in paragraph at lines 8--11
\OT1/cmtt/m/n/12 Base-[]Station-[]2-[]0-[]and-[]Controller-[]2-[]0-[]Where-[]ar
e-[]they / td-[]p /
 []


Underfull \hbox (badness 1033) in paragraph at lines 17--24
\OT1/cmr/m/n/12 aufl. edi-tion, 2013.  URL: []$\OT1/cmtt/m/n/12 http : / / www 
. degruyter . com / search ? f _
 []


Underfull \hbox (badness 10000) in paragraph at lines 30--34
[]\OT1/cmr/m/n/12 Ez-usb fx3$[]$ su-per-speed usb 3.0 pe-riph-eral con-troller,

 []


Underfull \hbox (badness 10000) in paragraph at lines 30--34
\OT1/cmr/m/n/12 2019-04-28.  URL: []$\OT1/cmtt/m/n/12 https : / / www . cypress
 . com / products /
 []


Underfull \hbox (badness 4846) in paragraph at lines 40--42
[]\OT1/cmr/m/n/12 Arduino mkr vi-dor 4000.  URL: []$\OT1/cmtt/m/n/12 https : / 
/ store . arduino . cc /
 []


Underfull \hbox (badness 10000) in paragraph at lines 53--56
\OT1/cmtt/m/n/12 de / content / dam / www / programmable / us / en / pdfs / lit
erature / pt /
 []


Underfull \hbox (badness 7012) in paragraph at lines 58--61
[]\OT1/cmr/m/n/12 Intel cy-clone 10 lp de-vice overview, 2017.  URL: []$\OT1/cm
tt/m/n/12 https :
 []


Underfull \hbox (badness 10000) in paragraph at lines 58--61
\OT1/cmtt/m/n/12 / / www . intel . de / content / dam / www / programmable / us
 / en / pdfs /
 []

[31

]
Underfull \hbox (badness 10000) in paragraph at lines 63--66
\OT1/cmtt/m/n/12 downloads / en / DeviceDoc / SAMD21-[]Family-[]DataSheet-[]DS4
0001882D .
 []


Underfull \hbox (badness 1728) in paragraph at lines 78--85
\OT1/cmr/m/it/12 fur Studierende und An-wen-der\OT1/cmr/m/n/12 .  eX-a-men.pre
ss. Springer Vieweg,
 []


Underfull \hbox (badness 10000) in paragraph at lines 87--91
[]\OT1/cmr/m/n/12 John Seibel.  How to con-fig-ure the ts4231 with
 []


Underfull \hbox (badness 10000) in paragraph at lines 87--91
\OT1/cmr/m/n/12 ar-duino.  URL: []$\OT1/cmtt/m/n/12 http : / / help . triadsemi
 . com /
 []


Underfull \hbox (badness 10000) in paragraph at lines 87--91
\OT1/cmtt/m/n/12 ts4231-[]light-[]to-[]digital-[]ic-[]with-[]data-[]output /
 []


Underfull \hbox (badness 10000) in paragraph at lines 98--101
[]$\OT1/cmtt/m/n/12 https : / / www . triadsemi . com / wp-[]content / uploads 
/ 2017 / 06 /
 []


Underfull \hbox (badness 1603) in paragraph at lines 103--107
\OT1/cmr/m/it/12 Schaltungstechnik\OT1/cmr/m/n/12 .  Springer Vieweg, Berlin an
d Hei-del-berg, 15.,
 []

) [32]
Package atveryend Info: Empty hook `BeforeClearDocument' on input line 415.
 [33


]
Package atveryend Info: Empty hook `AfterLastShipout' on input line 415.
 (JarcSimon_BachelorThesis.aux)
Package atveryend Info: Executing hook `AtVeryEndDocument' on input line 415.
Package atveryend Info: Executing hook `AtEndAfterFileList' on input line 415.
Package rerunfilecheck Info: File `JarcSimon_BachelorThesis.out' has not change
d.
(rerunfilecheck)             Checksum: AEBB7CE398BDD6697DDF8F42A86314F9;1127.


LaTeX Font Warning: Some font shapes were not available, defaults substituted.


LaTeX Warning: Label(s) may have changed. Rerun to get cross-references right.

Package atveryend Info: Empty hook `AtVeryVeryEnd' on input line 415.
 ) 
Here is how much of TeX's memory you used:
 6257 strings out of 492945
 92339 string characters out of 3135507
 188995 words of memory out of 3000000
 9976 multiletter control sequences out of 15000+200000
 11444 words of font info for 37 fonts, out of 3000000 for 9000
 1141 hyphenation exceptions out of 8191
 30i,12n,43p,980b,415s stack positions out of 5000i,500n,10000p,200000b,50000s
{C:/Program Files/MiKTeX 2.9/fonts/enc/dvips/base/8r.enc}<C:/Program Files/Mi
KTeX 2.9/fonts/type1/public/amsfonts/cm/cmbx12.pfb><C:/Program Files/MiKTeX 2.9
/fonts/type1/public/amsfonts/cm/cmcsc10.pfb><C:/Program Files/MiKTeX 2.9/fonts/
type1/public/amsfonts/cm/cmex10.pfb><C:/Program Files/MiKTeX 2.9/fonts/type1/pu
blic/amsfonts/cm/cmmi12.pfb><C:/Program Files/MiKTeX 2.9/fonts/type1/public/ams
fonts/cm/cmmi8.pfb><C:/Program Files/MiKTeX 2.9/fonts/type1/public/amsfonts/cm/
cmr12.pfb><C:/Program Files/MiKTeX 2.9/fonts/type1/public/amsfonts/cm/cmr8.pfb>
<C:/Program Files/MiKTeX 2.9/fonts/type1/public/amsfonts/cm/cmsy10.pfb><C:/Prog
ram Files/MiKTeX 2.9/fonts/type1/public/amsfonts/cm/cmsy8.pfb><C:/Program Files
/MiKTeX 2.9/fonts/type1/public/amsfonts/cm/cmti12.pfb><C:/Program Files/MiKTeX 
2.9/fonts/type1/public/amsfonts/cm/cmtt12.pfb><C:/Program Files/MiKTeX 2.9/font
s/type1/urw/helvetic/uhvr8a.pfb>
Output written on JarcSimon_BachelorThesis.pdf (35 pages, 8767525 bytes).
PDF statistics:
 500 PDF objects out of 1000 (max. 8388607)
 94 named destinations out of 1000 (max. 500000)
 200 words of extra memory for PDF output out of 10000 (max. 10000000)

